<?xml version="1.0" encoding="UTF-8"?>
<testng-results ignored="0" total="1" passed="1" failed="0" skipped="0">
  <reporter-output>
  </reporter-output>
  <suite started-at="2025-01-04T13:23:24 IST" name="Default suite" finished-at="2025-01-04T13:23:28 IST" duration-ms="3988">
    <groups>
    </groups>
    <test started-at="2025-01-04T13:23:24 IST" name="Default test" finished-at="2025-01-04T13:23:28 IST" duration-ms="3988">
      <class name="crudperform.Test_putMethod">
        <test-method signature="test001()[pri:0, instance:crudperform.Test_putMethod@14dd9eb7]" started-at="2025-01-04T13:23:24 IST" name="test001" finished-at="2025-01-04T13:23:28 IST" duration-ms="3903" status="PASS">
          <reporter-output>
          </reporter-output>
        </test-method> <!-- test001 -->
      </class> <!-- crudperform.Test_putMethod -->
    </test> <!-- Default test -->
  </suite> <!-- Default suite -->
</testng-results>
